# JRE version: OpenJDK Runtime Environment Temurin-21.0.8+9 (21.0.8+9) (build 21.0.8+9-LTS)
# Java VM: OpenJDK 64-Bit Server VM Temurin-21.0.8+9 (21.0.8+9-LTS, mixed mode, sharing, tiered, compressed oops, compressed class ptrs, parallel gc, windows-amd64)
GC Precious Log:
 CardTable entry size: 512
 CPUs: 8 total, 8 available
 Memory: 16155M
 Large Page Support: Disabled
 NUMA Support: Disabled
 Compressed Oops: Enabled (32-bit)
 Alignments: Space 512K, Generation 512K, Heap 2M
 Heap Min Capacity: 100M
 Heap Initial Capacity: 100M
 Heap Max Capacity: 2G
 Pre-touch: Disabled
 Parallel Workers: 8
Heap:
 PSYoungGen      total 18944K, used 7516K [0x00000000d5580000, 0x00000000d6b80000, 0x0000000100000000)
  eden space 16896K, 32% used [0x00000000d5580000,0x00000000d5ae5d90,0x00000000d6600000)
  from space 2048K, 97% used [0x00000000d6980000,0x00000000d6b71420,0x00000000d6b80000)
  to   space 2560K, 0% used [0x00000000d6680000,0x00000000d6680000,0x00000000d6900000)
 ParOldGen       total 81408K, used 81155K [0x0000000080000000, 0x0000000084f80000, 0x00000000d5580000)
  object space 81408K, 99% used [0x0000000080000000,0x0000000084f40ce0,0x0000000084f80000)
 Metaspace       used 66524K, committed 68032K, reserved 1114112K
  class space    used 7043K, committed 7680K, reserved 1048576K
GC Heap History (20 events):
Event: 43.993 GC heap before
{Heap before GC invocations=116 (full 3):
 PSYoungGen      total 17408K, used 17247K [0x00000000d5580000, 0x00000000d6780000, 0x0000000100000000)
  eden space 16896K, 100% used [0x00000000d5580000,0x00000000d6600000,0x00000000d6600000)
  from space 512K, 68% used [0x00000000d6700000,0x00000000d6757fd0,0x00000000d6780000)
  to   space 512K, 0% used [0x00000000d6680000,0x00000000d6680000,0x00000000d6700000)
 ParOldGen       total 78848K, used 66250K [0x0000000080000000, 0x0000000084d00000, 0x00000000d5580000)
  object space 78848K, 84% used [0x0000000080000000,0x00000000840b2aa8,0x0000000084d00000)
 Metaspace       used 62083K, committed 63552K, reserved 1114112K
  class space    used 6618K, committed 7232K, reserved 1048576K
}
Event: 43.994 GC heap after
{Heap after GC invocations=116 (full 3):
 PSYoungGen      total 17408K, used 314K [0x00000000d5580000, 0x00000000d6780000, 0x0000000100000000)
  eden space 16896K, 0% used [0x00000000d5580000,0x00000000d5580000,0x00000000d6600000)
  from space 512K, 61% used [0x00000000d6680000,0x00000000d66ce900,0x00000000d6700000)
  to   space 512K, 0% used [0x00000000d6700000,0x00000000d6700000,0x00000000d6780000)
 ParOldGen       total 78848K, used 66322K [0x0000000080000000, 0x0000000084d00000, 0x00000000d5580000)
  object space 78848K, 84% used [0x0000000080000000,0x00000000840c4aa8,0x0000000084d00000)
 Metaspace       used 62083K, committed 63552K, reserved 1114112K
  class space    used 6618K, committed 7232K, reserved 1048576K
}
Event: 44.038 GC heap before
{Heap before GC invocations=117 (full 3):
 PSYoungGen      total 17408K, used 17210K [0x00000000d5580000, 0x00000000d6780000, 0x0000000100000000)
  eden space 16896K, 100% used [0x00000000d5580000,0x00000000d6600000,0x00000000d6600000)
  from space 512K, 61% used [0x00000000d6680000,0x00000000d66ce900,0x00000000d6700000)
  to   space 512K, 0% used [0x00000000d6700000,0x00000000d6700000,0x00000000d6780000)
 ParOldGen       total 78848K, used 66322K [0x0000000080000000, 0x0000000084d00000, 0x00000000d5580000)
  object space 78848K, 84% used [0x0000000080000000,0x00000000840c4aa8,0x0000000084d00000)
 Metaspace       used 62083K, committed 63552K, reserved 1114112K
  class space    used 6618K, committed 7232K, reserved 1048576K
}
Event: 44.039 GC heap after
{Heap after GC invocations=117 (full 3):
 PSYoungGen      total 17408K, used 509K [0x00000000d5580000, 0x00000000d6800000, 0x0000000100000000)
  eden space 16896K, 0% used [0x00000000d5580000,0x00000000d5580000,0x00000000d6600000)
  from space 512K, 99% used [0x00000000d6700000,0x00000000d677f770,0x00000000d6780000)
  to   space 1024K, 0% used [0x00000000d6600000,0x00000000d6600000,0x00000000d6700000)
 ParOldGen       total 78848K, used 66639K [0x0000000080000000, 0x0000000084d00000, 0x00000000d5580000)
  object space 78848K, 84% used [0x0000000080000000,0x0000000084113ca8,0x0000000084d00000)
 Metaspace       used 62083K, committed 63552K, reserved 1114112K
  class space    used 6618K, committed 7232K, reserved 1048576K
}
Event: 44.100 GC heap before
{Heap before GC invocations=118 (full 3):
 PSYoungGen      total 17408K, used 17355K [0x00000000d5580000, 0x00000000d6800000, 0x0000000100000000)
  eden space 16896K, 99% used [0x00000000d5580000,0x00000000d65f34f8,0x00000000d6600000)
  from space 512K, 99% used [0x00000000d6700000,0x00000000d677f770,0x00000000d6780000)
  to   space 1024K, 0% used [0x00000000d6600000,0x00000000d6600000,0x00000000d6700000)
 ParOldGen       total 78848K, used 66639K [0x0000000080000000, 0x0000000084d00000, 0x00000000d5580000)
  object space 78848K, 84% used [0x0000000080000000,0x0000000084113ca8,0x0000000084d00000)
 Metaspace       used 62083K, committed 63552K, reserved 1114112K
  class space    used 6618K, committed 7232K, reserved 1048576K
}
Event: 44.101 GC heap after
{Heap after GC invocations=118 (full 3):
 PSYoungGen      total 17920K, used 224K [0x00000000d5580000, 0x00000000d6780000, 0x0000000100000000)
  eden space 16896K, 0% used [0x00000000d5580000,0x00000000d5580000,0x00000000d6600000)
  from space 1024K, 21% used [0x00000000d6600000,0x00000000d6638000,0x00000000d6700000)
  to   space 512K, 0% used [0x00000000d6700000,0x00000000d6700000,0x00000000d6780000)
 ParOldGen       total 78848K, used 66695K [0x0000000080000000, 0x0000000084d00000, 0x00000000d5580000)
  object space 78848K, 84% used [0x0000000080000000,0x0000000084121ca8,0x0000000084d00000)
 Metaspace       used 62083K, committed 63552K, reserved 1114112K
  class space    used 6618K, committed 7232K, reserved 1048576K
}
Event: 44.592 GC heap before
{Heap before GC invocations=119 (full 3):
 PSYoungGen      total 17920K, used 17119K [0x00000000d5580000, 0x00000000d6780000, 0x0000000100000000)
  eden space 16896K, 99% used [0x00000000d5580000,0x00000000d65ffff8,0x00000000d6600000)
  from space 1024K, 21% used [0x00000000d6600000,0x00000000d6638000,0x00000000d6700000)
  to   space 512K, 0% used [0x00000000d6700000,0x00000000d6700000,0x00000000d6780000)
 ParOldGen       total 78848K, used 66695K [0x0000000080000000, 0x0000000084d00000, 0x00000000d5580000)
  object space 78848K, 84% used [0x0000000080000000,0x0000000084121ca8,0x0000000084d00000)
 Metaspace       used 62116K, committed 63616K, reserved 1114112K
  class space    used 6618K, committed 7232K, reserved 1048576K
}
Event: 44.595 GC heap after
{Heap after GC invocations=119 (full 3):
 PSYoungGen      total 17408K, used 288K [0x00000000d5580000, 0x00000000d6780000, 0x0000000100000000)
  eden space 16896K, 0% used [0x00000000d5580000,0x00000000d5580000,0x00000000d6600000)
  from space 512K, 56% used [0x00000000d6700000,0x00000000d6748000,0x00000000d6780000)
  to   space 512K, 0% used [0x00000000d6680000,0x00000000d6680000,0x00000000d6700000)
 ParOldGen       total 78848K, used 66783K [0x0000000080000000, 0x0000000084d00000, 0x00000000d5580000)
  object space 78848K, 84% used [0x0000000080000000,0x0000000084137ca8,0x0000000084d00000)
 Metaspace       used 62116K, committed 63616K, reserved 1114112K
  class space    used 6618K, committed 7232K, reserved 1048576K
}
Event: 45.022 GC heap before
{Heap before GC invocations=120 (full 3):
 PSYoungGen      total 17408K, used 17170K [0x00000000d5580000, 0x00000000d6780000, 0x0000000100000000)
  eden space 16896K, 99% used [0x00000000d5580000,0x00000000d65fc9d0,0x00000000d6600000)
  from space 512K, 56% used [0x00000000d6700000,0x00000000d6748000,0x00000000d6780000)
  to   space 512K, 0% used [0x00000000d6680000,0x00000000d6680000,0x00000000d6700000)
 ParOldGen       total 78848K, used 66783K [0x0000000080000000, 0x0000000084d00000, 0x00000000d5580000)
  object space 78848K, 84% used [0x0000000080000000,0x0000000084137ca8,0x0000000084d00000)
 Metaspace       used 62754K, committed 64192K, reserved 1114112K
  class space    used 6677K, committed 7296K, reserved 1048576K
}
Event: 45.025 GC heap after
{Heap after GC invocations=120 (full 3):
 PSYoungGen      total 17408K, used 496K [0x00000000d5580000, 0x00000000d7400000, 0x0000000100000000)
  eden space 16896K, 0% used [0x00000000d5580000,0x00000000d5580000,0x00000000d6600000)
  from space 512K, 96% used [0x00000000d6680000,0x00000000d66fc020,0x00000000d6700000)
  to   space 7168K, 0% used [0x00000000d6d00000,0x00000000d6d00000,0x00000000d7400000)
 ParOldGen       total 78848K, used 72266K [0x0000000080000000, 0x0000000084d00000, 0x00000000d5580000)
  object space 78848K, 91% used [0x0000000080000000,0x0000000084692be0,0x0000000084d00000)
 Metaspace       used 62754K, committed 64192K, reserved 1114112K
  class space    used 6677K, committed 7296K, reserved 1048576K
}
Event: 45.307 GC heap before
{Heap before GC invocations=121 (full 3):
 PSYoungGen      total 17408K, used 17391K [0x00000000d5580000, 0x00000000d7400000, 0x0000000100000000)
  eden space 16896K, 99% used [0x00000000d5580000,0x00000000d65fffc8,0x00000000d6600000)
  from space 512K, 96% used [0x00000000d6680000,0x00000000d66fc020,0x00000000d6700000)
  to   space 7168K, 0% used [0x00000000d6d00000,0x00000000d6d00000,0x00000000d7400000)
 ParOldGen       total 78848K, used 72266K [0x0000000080000000, 0x0000000084d00000, 0x00000000d5580000)
  object space 78848K, 91% used [0x0000000080000000,0x0000000084692be0,0x0000000084d00000)
 Metaspace       used 62953K, committed 64384K, reserved 1114112K
  class space    used 6688K, committed 7296K, reserved 1048576K
}
Event: 45.309 GC heap after
{Heap after GC invocations=121 (full 3):
 PSYoungGen      total 17408K, used 288K [0x00000000d5580000, 0x00000000d6d80000, 0x0000000100000000)
  eden space 16896K, 0% used [0x00000000d5580000,0x00000000d5580000,0x00000000d6600000)
  from space 512K, 56% used [0x00000000d6d00000,0x00000000d6d48000,0x00000000d6d80000)
  to   space 2560K, 0% used [0x00000000d6880000,0x00000000d6880000,0x00000000d6b00000)
 ParOldGen       total 78848K, used 72711K [0x0000000080000000, 0x0000000084d00000, 0x00000000d5580000)
  object space 78848K, 92% used [0x0000000080000000,0x0000000084701c00,0x0000000084d00000)
 Metaspace       used 62953K, committed 64384K, reserved 1114112K
  class space    used 6688K, committed 7296K, reserved 1048576K
}
Event: 45.456 GC heap before
{Heap before GC invocations=122 (full 3):
 PSYoungGen      total 17408K, used 17184K [0x00000000d5580000, 0x00000000d6d80000, 0x0000000100000000)
  eden space 16896K, 100% used [0x00000000d5580000,0x00000000d6600000,0x00000000d6600000)
  from space 512K, 56% used [0x00000000d6d00000,0x00000000d6d48000,0x00000000d6d80000)
  to   space 2560K, 0% used [0x00000000d6880000,0x00000000d6880000,0x00000000d6b00000)
 ParOldGen       total 78848K, used 72711K [0x0000000080000000, 0x0000000084d00000, 0x00000000d5580000)
  object space 78848K, 92% used [0x0000000080000000,0x0000000084701c00,0x0000000084d00000)
 Metaspace       used 63588K, committed 65088K, reserved 1114112K
  class space    used 6759K, committed 7360K, reserved 1048576K
}
Event: 45.459 GC heap after
{Heap after GC invocations=122 (full 3):
 PSYoungGen      total 19456K, used 2548K [0x00000000d5580000, 0x00000000d7000000, 0x0000000100000000)
  eden space 16896K, 0% used [0x00000000d5580000,0x00000000d5580000,0x00000000d6600000)
  from space 2560K, 99% used [0x00000000d6880000,0x00000000d6afd1d0,0x00000000d6b00000)
  to   space 5120K, 0% used [0x00000000d6b00000,0x00000000d6b00000,0x00000000d7000000)
 ParOldGen       total 78848K, used 74158K [0x0000000080000000, 0x0000000084d00000, 0x00000000d5580000)
  object space 78848K, 94% used [0x0000000080000000,0x000000008486bbb8,0x0000000084d00000)
 Metaspace       used 63588K, committed 65088K, reserved 1114112K
  class space    used 6759K, committed 7360K, reserved 1048576K
}
Event: 45.880 GC heap before
{Heap before GC invocations=123 (full 3):
 PSYoungGen      total 19456K, used 19444K [0x00000000d5580000, 0x00000000d7000000, 0x0000000100000000)
  eden space 16896K, 100% used [0x00000000d5580000,0x00000000d6600000,0x00000000d6600000)
  from space 2560K, 99% used [0x00000000d6880000,0x00000000d6afd1d0,0x00000000d6b00000)
  to   space 5120K, 0% used [0x00000000d6b00000,0x00000000d6b00000,0x00000000d7000000)
 ParOldGen       total 78848K, used 74158K [0x0000000080000000, 0x0000000084d00000, 0x00000000d5580000)
  object space 78848K, 94% used [0x0000000080000000,0x000000008486bbb8,0x0000000084d00000)
 Metaspace       used 64286K, committed 65728K, reserved 1114112K
  class space    used 6828K, committed 7424K, reserved 1048576K
}
Event: 45.884 GC heap after
{Heap after GC invocations=123 (full 3):
 PSYoungGen      total 20480K, used 3273K [0x00000000d5580000, 0x00000000d6e80000, 0x0000000100000000)
  eden space 16896K, 0% used [0x00000000d5580000,0x00000000d5580000,0x00000000d6600000)
  from space 3584K, 91% used [0x00000000d6b00000,0x00000000d6e32650,0x00000000d6e80000)
  to   space 3584K, 0% used [0x00000000d6780000,0x00000000d6780000,0x00000000d6b00000)
 ParOldGen       total 78848K, used 76687K [0x0000000080000000, 0x0000000084d00000, 0x00000000d5580000)
  object space 78848K, 97% used [0x0000000080000000,0x0000000084ae3d78,0x0000000084d00000)
 Metaspace       used 64286K, committed 65728K, reserved 1114112K
  class space    used 6828K, committed 7424K, reserved 1048576K
}
Event: 46.318 GC heap before
{Heap before GC invocations=124 (full 3):
 PSYoungGen      total 20480K, used 20169K [0x00000000d5580000, 0x00000000d6e80000, 0x0000000100000000)
  eden space 16896K, 100% used [0x00000000d5580000,0x00000000d6600000,0x00000000d6600000)
  from space 3584K, 91% used [0x00000000d6b00000,0x00000000d6e32650,0x00000000d6e80000)
  to   space 3584K, 0% used [0x00000000d6780000,0x00000000d6780000,0x00000000d6b00000)
 ParOldGen       total 78848K, used 76687K [0x0000000080000000, 0x0000000084d00000, 0x00000000d5580000)
  object space 78848K, 97% used [0x0000000080000000,0x0000000084ae3d78,0x0000000084d00000)
 Metaspace       used 65349K, committed 66816K, reserved 1114112K
  class space    used 6957K, committed 7552K, reserved 1048576K
}
Event: 46.326 GC heap after
{Heap after GC invocations=124 (full 3):
 PSYoungGen      total 18944K, used 1600K [0x00000000d5580000, 0x00000000d6b80000, 0x0000000100000000)
  eden space 16896K, 0% used [0x00000000d5580000,0x00000000d5580000,0x00000000d6600000)
  from space 2048K, 78% used [0x00000000d6780000,0x00000000d6910020,0x00000000d6980000)
  to   space 2048K, 0% used [0x00000000d6980000,0x00000000d6980000,0x00000000d6b80000)
 ParOldGen       total 79872K, used 79809K [0x0000000080000000, 0x0000000084e00000, 0x00000000d5580000)
  object space 79872K, 99% used [0x0000000080000000,0x0000000084df0720,0x0000000084e00000)
 Metaspace       used 65349K, committed 66816K, reserved 1114112K
  class space    used 6957K, committed 7552K, reserved 1048576K
}
Event: 46.865 GC heap before
{Heap before GC invocations=125 (full 3):
 PSYoungGen      total 18944K, used 18496K [0x00000000d5580000, 0x00000000d6b80000, 0x0000000100000000)
  eden space 16896K, 100% used [0x00000000d5580000,0x00000000d6600000,0x00000000d6600000)
  from space 2048K, 78% used [0x00000000d6780000,0x00000000d6910020,0x00000000d6980000)
  to   space 2048K, 0% used [0x00000000d6980000,0x00000000d6980000,0x00000000d6b80000)
 ParOldGen       total 79872K, used 79809K [0x0000000080000000, 0x0000000084e00000, 0x00000000d5580000)
  object space 79872K, 99% used [0x0000000080000000,0x0000000084df0720,0x0000000084e00000)
 Metaspace       used 66285K, committed 67712K, reserved 1114112K
  class space    used 7025K, committed 7616K, reserved 1048576K
}
Event: 46.870 GC heap after
{Heap after GC invocations=125 (full 3):
 PSYoungGen      total 18944K, used 1989K [0x00000000d5580000, 0x00000000d6b80000, 0x0000000100000000)
  eden space 16896K, 0% used [0x00000000d5580000,0x00000000d5580000,0x00000000d6600000)
  from space 2048K, 97% used [0x00000000d6980000,0x00000000d6b71420,0x00000000d6b80000)
  to   space 2560K, 0% used [0x00000000d6680000,0x00000000d6680000,0x00000000d6900000)
 ParOldGen       total 81408K, used 81155K [0x0000000080000000, 0x0000000084f80000, 0x00000000d5580000)
  object space 81408K, 99% used [0x0000000080000000,0x0000000084f40ce0,0x0000000084f80000)
 Metaspace       used 66285K, committed 67712K, reserved 1114112K
  class space    used 7025K, committed 7616K, reserved 1048576K
}

